[ERROR] 2025-04-15 15:54:54.215 [main] PackageRelationshipCollection - Cannot convert mailto:!@#$%^&* in a valid relationship URI-> dummy-URI used
java.net.URISyntaxException: Malformed escape pair at index 11: mailto:!@#$%^&*
	at java.net.URI$Parser.fail(URI.java:2976) ~[?:?]
	at java.net.URI$Parser.scanEscape(URI.java:3104) ~[?:?]
	at java.net.URI$Parser.scan(URI.java:3127) ~[?:?]
	at java.net.URI$Parser.checkChars(URI.java:3145) ~[?:?]
	at java.net.URI$Parser.parse(URI.java:3191) ~[?:?]
	at java.net.URI.<init>(URI.java:623) ~[?:?]
	at org.apache.poi.openxml4j.opc.PackagingURIHelper.toURI(PackagingURIHelper.java:723) ~[poi-ooxml-5.2.3.jar:5.2.3]
	at org.apache.poi.openxml4j.opc.PackageRelationshipCollection.parseRelationshipsPart(PackageRelationshipCollection.java:358) ~[poi-ooxml-5.2.3.jar:5.2.3]
	at org.apache.poi.openxml4j.opc.PackageRelationshipCollection.<init>(PackageRelationshipCollection.java:160) ~[poi-ooxml-5.2.3.jar:5.2.3]
	at org.apache.poi.openxml4j.opc.PackageRelationshipCollection.<init>(PackageRelationshipCollection.java:130) ~[poi-ooxml-5.2.3.jar:5.2.3]
	at org.apache.poi.openxml4j.opc.PackagePart.loadRelationships(PackagePart.java:565) ~[poi-ooxml-5.2.3.jar:5.2.3]
	at org.apache.poi.openxml4j.opc.OPCPackage.getParts(OPCPackage.java:751) ~[poi-ooxml-5.2.3.jar:5.2.3]
	at org.apache.poi.openxml4j.opc.OPCPackage.open(OPCPackage.java:322) ~[poi-ooxml-5.2.3.jar:5.2.3]
	at org.apache.poi.ooxml.util.PackageHelper.open(PackageHelper.java:59) ~[poi-ooxml-5.2.3.jar:5.2.3]
	at org.apache.poi.xssf.usermodel.XSSFWorkbook.<init>(XSSFWorkbook.java:290) ~[poi-ooxml-5.2.3.jar:5.2.3]
	at org.apache.poi.xssf.usermodel.XSSFWorkbook.<init>(XSSFWorkbook.java:286) ~[poi-ooxml-5.2.3.jar:5.2.3]
	at com.Utility.ExcelReader.getSheet(ExcelReader.java:23) ~[classes/:?]
	at com.Utility.ExcelReader.getdata(ExcelReader.java:29) ~[classes/:?]
	at com.test.GroupLoans.AllScenarios_GroupLoans_GroupLoanPayment_CASH.gettestdate(AllScenarios_GroupLoans_GroupLoanPayment_CASH.java:91) ~[test-classes/:?]
	at jdk.internal.reflect.NativeMethodAccessorImpl.invoke0(Native Method) ~[?:?]
	at jdk.internal.reflect.NativeMethodAccessorImpl.invoke(NativeMethodAccessorImpl.java:77) ~[?:?]
	at jdk.internal.reflect.DelegatingMethodAccessorImpl.invoke(DelegatingMethodAccessorImpl.java:43) ~[?:?]
	at java.lang.reflect.Method.invoke(Method.java:568) ~[?:?]
	at org.testng.internal.MethodInvocationHelper.invokeMethod(MethodInvocationHelper.java:133) ~[org.testng_7.4.0.r202105021533.jar:7.4.0]
	at org.testng.internal.MethodInvocationHelper.invokeMethod(MethodInvocationHelper.java:77) ~[org.testng_7.4.0.r202105021533.jar:7.4.0]
	at org.testng.internal.MethodInvocationHelper.invokeMethodNoCheckedException(MethodInvocationHelper.java:46) ~[org.testng_7.4.0.r202105021533.jar:7.4.0]
	at org.testng.internal.MethodInvocationHelper.invokeDataProvider(MethodInvocationHelper.java:146) ~[org.testng_7.4.0.r202105021533.jar:7.4.0]
	at org.testng.internal.Parameters.handleParameters(Parameters.java:798) ~[org.testng_7.4.0.r202105021533.jar:7.4.0]
	at org.testng.internal.Parameters.handleParameters(Parameters.java:740) ~[org.testng_7.4.0.r202105021533.jar:7.4.0]
	at org.testng.internal.ParameterHandler.handleParameters(ParameterHandler.java:59) ~[org.testng_7.4.0.r202105021533.jar:7.4.0]
	at org.testng.internal.ParameterHandler.createParameters(ParameterHandler.java:38) ~[org.testng_7.4.0.r202105021533.jar:7.4.0]
	at org.testng.internal.TestInvoker$MethodInvocationAgent.invoke(TestInvoker.java:791) ~[org.testng_7.4.0.r202105021533.jar:7.4.0]
	at org.testng.internal.TestInvoker.invokeTestMethods(TestInvoker.java:146) ~[org.testng_7.4.0.r202105021533.jar:7.4.0]
	at org.testng.internal.TestMethodWorker.invokeTestMethods(TestMethodWorker.java:146) ~[org.testng_7.4.0.r202105021533.jar:7.4.0]
	at org.testng.internal.TestMethodWorker.run(TestMethodWorker.java:128) ~[org.testng_7.4.0.r202105021533.jar:7.4.0]
	at java.util.ArrayList.forEach(ArrayList.java:1511) [?:?]
	at org.testng.TestRunner.privateRun(TestRunner.java:794) [org.testng_7.4.0.r202105021533.jar:7.4.0]
	at org.testng.TestRunner.run(TestRunner.java:596) [org.testng_7.4.0.r202105021533.jar:7.4.0]
	at org.testng.SuiteRunner.runTest(SuiteRunner.java:377) [org.testng_7.4.0.r202105021533.jar:7.4.0]
	at org.testng.SuiteRunner.runSequentially(SuiteRunner.java:371) [org.testng_7.4.0.r202105021533.jar:7.4.0]
	at org.testng.SuiteRunner.privateRun(SuiteRunner.java:332) [org.testng_7.4.0.r202105021533.jar:7.4.0]
	at org.testng.SuiteRunner.run(SuiteRunner.java:276) [org.testng_7.4.0.r202105021533.jar:7.4.0]
	at org.testng.SuiteRunnerWorker.runSuite(SuiteRunnerWorker.java:53) [org.testng_7.4.0.r202105021533.jar:7.4.0]
	at org.testng.SuiteRunnerWorker.run(SuiteRunnerWorker.java:96) [org.testng_7.4.0.r202105021533.jar:7.4.0]
	at org.testng.TestNG.runSuitesSequentially(TestNG.java:1212) [org.testng_7.4.0.r202105021533.jar:7.4.0]
	at org.testng.TestNG.runSuitesLocally(TestNG.java:1134) [org.testng_7.4.0.r202105021533.jar:7.4.0]
	at org.testng.TestNG.runSuites(TestNG.java:1063) [org.testng_7.4.0.r202105021533.jar:7.4.0]
	at org.testng.TestNG.run(TestNG.java:1031) [org.testng_7.4.0.r202105021533.jar:7.4.0]
	at org.testng.remote.AbstractRemoteTestNG.run(AbstractRemoteTestNG.java:115) [testng-remote.jar:?]
	at org.testng.remote.RemoteTestNG.initAndRun(RemoteTestNG.java:293) [testng-remote.jar:?]
	at org.testng.remote.RemoteTestNG.main(RemoteTestNG.java:91) [testng-remote.jar:?]
[ERROR] 2025-04-15 15:54:54.228 [main] PackageRelationshipCollection - Cannot convert mailto:!@#$% in a valid relationship URI-> dummy-URI used
java.net.URISyntaxException: Malformed escape pair at index 11: mailto:!@#$%
	at java.net.URI$Parser.fail(URI.java:2976) ~[?:?]
	at java.net.URI$Parser.scanEscape(URI.java:3104) ~[?:?]
	at java.net.URI$Parser.scan(URI.java:3127) ~[?:?]
	at java.net.URI$Parser.checkChars(URI.java:3145) ~[?:?]
	at java.net.URI$Parser.parse(URI.java:3191) ~[?:?]
	at java.net.URI.<init>(URI.java:623) ~[?:?]
	at org.apache.poi.openxml4j.opc.PackagingURIHelper.toURI(PackagingURIHelper.java:723) ~[poi-ooxml-5.2.3.jar:5.2.3]
	at org.apache.poi.openxml4j.opc.PackageRelationshipCollection.parseRelationshipsPart(PackageRelationshipCollection.java:358) ~[poi-ooxml-5.2.3.jar:5.2.3]
	at org.apache.poi.openxml4j.opc.PackageRelationshipCollection.<init>(PackageRelationshipCollection.java:160) ~[poi-ooxml-5.2.3.jar:5.2.3]
	at org.apache.poi.openxml4j.opc.PackageRelationshipCollection.<init>(PackageRelationshipCollection.java:130) ~[poi-ooxml-5.2.3.jar:5.2.3]
	at org.apache.poi.openxml4j.opc.PackagePart.loadRelationships(PackagePart.java:565) ~[poi-ooxml-5.2.3.jar:5.2.3]
	at org.apache.poi.openxml4j.opc.OPCPackage.getParts(OPCPackage.java:751) ~[poi-ooxml-5.2.3.jar:5.2.3]
	at org.apache.poi.openxml4j.opc.OPCPackage.open(OPCPackage.java:322) ~[poi-ooxml-5.2.3.jar:5.2.3]
	at org.apache.poi.ooxml.util.PackageHelper.open(PackageHelper.java:59) ~[poi-ooxml-5.2.3.jar:5.2.3]
	at org.apache.poi.xssf.usermodel.XSSFWorkbook.<init>(XSSFWorkbook.java:290) ~[poi-ooxml-5.2.3.jar:5.2.3]
	at org.apache.poi.xssf.usermodel.XSSFWorkbook.<init>(XSSFWorkbook.java:286) ~[poi-ooxml-5.2.3.jar:5.2.3]
	at com.Utility.ExcelReader.getSheet(ExcelReader.java:23) ~[classes/:?]
	at com.Utility.ExcelReader.getdata(ExcelReader.java:29) ~[classes/:?]
	at com.test.GroupLoans.AllScenarios_GroupLoans_GroupLoanPayment_CASH.gettestdate(AllScenarios_GroupLoans_GroupLoanPayment_CASH.java:91) ~[test-classes/:?]
	at jdk.internal.reflect.NativeMethodAccessorImpl.invoke0(Native Method) ~[?:?]
	at jdk.internal.reflect.NativeMethodAccessorImpl.invoke(NativeMethodAccessorImpl.java:77) ~[?:?]
	at jdk.internal.reflect.DelegatingMethodAccessorImpl.invoke(DelegatingMethodAccessorImpl.java:43) ~[?:?]
	at java.lang.reflect.Method.invoke(Method.java:568) ~[?:?]
	at org.testng.internal.MethodInvocationHelper.invokeMethod(MethodInvocationHelper.java:133) ~[org.testng_7.4.0.r202105021533.jar:7.4.0]
	at org.testng.internal.MethodInvocationHelper.invokeMethod(MethodInvocationHelper.java:77) ~[org.testng_7.4.0.r202105021533.jar:7.4.0]
	at org.testng.internal.MethodInvocationHelper.invokeMethodNoCheckedException(MethodInvocationHelper.java:46) ~[org.testng_7.4.0.r202105021533.jar:7.4.0]
	at org.testng.internal.MethodInvocationHelper.invokeDataProvider(MethodInvocationHelper.java:146) ~[org.testng_7.4.0.r202105021533.jar:7.4.0]
	at org.testng.internal.Parameters.handleParameters(Parameters.java:798) ~[org.testng_7.4.0.r202105021533.jar:7.4.0]
	at org.testng.internal.Parameters.handleParameters(Parameters.java:740) ~[org.testng_7.4.0.r202105021533.jar:7.4.0]
	at org.testng.internal.ParameterHandler.handleParameters(ParameterHandler.java:59) ~[org.testng_7.4.0.r202105021533.jar:7.4.0]
	at org.testng.internal.ParameterHandler.createParameters(ParameterHandler.java:38) ~[org.testng_7.4.0.r202105021533.jar:7.4.0]
	at org.testng.internal.TestInvoker$MethodInvocationAgent.invoke(TestInvoker.java:791) ~[org.testng_7.4.0.r202105021533.jar:7.4.0]
	at org.testng.internal.TestInvoker.invokeTestMethods(TestInvoker.java:146) ~[org.testng_7.4.0.r202105021533.jar:7.4.0]
	at org.testng.internal.TestMethodWorker.invokeTestMethods(TestMethodWorker.java:146) ~[org.testng_7.4.0.r202105021533.jar:7.4.0]
	at org.testng.internal.TestMethodWorker.run(TestMethodWorker.java:128) ~[org.testng_7.4.0.r202105021533.jar:7.4.0]
	at java.util.ArrayList.forEach(ArrayList.java:1511) [?:?]
	at org.testng.TestRunner.privateRun(TestRunner.java:794) [org.testng_7.4.0.r202105021533.jar:7.4.0]
	at org.testng.TestRunner.run(TestRunner.java:596) [org.testng_7.4.0.r202105021533.jar:7.4.0]
	at org.testng.SuiteRunner.runTest(SuiteRunner.java:377) [org.testng_7.4.0.r202105021533.jar:7.4.0]
	at org.testng.SuiteRunner.runSequentially(SuiteRunner.java:371) [org.testng_7.4.0.r202105021533.jar:7.4.0]
	at org.testng.SuiteRunner.privateRun(SuiteRunner.java:332) [org.testng_7.4.0.r202105021533.jar:7.4.0]
	at org.testng.SuiteRunner.run(SuiteRunner.java:276) [org.testng_7.4.0.r202105021533.jar:7.4.0]
	at org.testng.SuiteRunnerWorker.runSuite(SuiteRunnerWorker.java:53) [org.testng_7.4.0.r202105021533.jar:7.4.0]
	at org.testng.SuiteRunnerWorker.run(SuiteRunnerWorker.java:96) [org.testng_7.4.0.r202105021533.jar:7.4.0]
	at org.testng.TestNG.runSuitesSequentially(TestNG.java:1212) [org.testng_7.4.0.r202105021533.jar:7.4.0]
	at org.testng.TestNG.runSuitesLocally(TestNG.java:1134) [org.testng_7.4.0.r202105021533.jar:7.4.0]
	at org.testng.TestNG.runSuites(TestNG.java:1063) [org.testng_7.4.0.r202105021533.jar:7.4.0]
	at org.testng.TestNG.run(TestNG.java:1031) [org.testng_7.4.0.r202105021533.jar:7.4.0]
	at org.testng.remote.AbstractRemoteTestNG.run(AbstractRemoteTestNG.java:115) [testng-remote.jar:?]
	at org.testng.remote.RemoteTestNG.initAndRun(RemoteTestNG.java:293) [testng-remote.jar:?]
	at org.testng.remote.RemoteTestNG.main(RemoteTestNG.java:91) [testng-remote.jar:?]
[ERROR] 2025-04-15 15:54:54.230 [main] PackageRelationshipCollection - Cannot convert mailto:!@#$%^ in a valid relationship URI-> dummy-URI used
java.net.URISyntaxException: Malformed escape pair at index 11: mailto:!@#$%^
	at java.net.URI$Parser.fail(URI.java:2976) ~[?:?]
	at java.net.URI$Parser.scanEscape(URI.java:3104) ~[?:?]
	at java.net.URI$Parser.scan(URI.java:3127) ~[?:?]
	at java.net.URI$Parser.checkChars(URI.java:3145) ~[?:?]
	at java.net.URI$Parser.parse(URI.java:3191) ~[?:?]
	at java.net.URI.<init>(URI.java:623) ~[?:?]
	at org.apache.poi.openxml4j.opc.PackagingURIHelper.toURI(PackagingURIHelper.java:723) ~[poi-ooxml-5.2.3.jar:5.2.3]
	at org.apache.poi.openxml4j.opc.PackageRelationshipCollection.parseRelationshipsPart(PackageRelationshipCollection.java:358) ~[poi-ooxml-5.2.3.jar:5.2.3]
	at org.apache.poi.openxml4j.opc.PackageRelationshipCollection.<init>(PackageRelationshipCollection.java:160) ~[poi-ooxml-5.2.3.jar:5.2.3]
	at org.apache.poi.openxml4j.opc.PackageRelationshipCollection.<init>(PackageRelationshipCollection.java:130) ~[poi-ooxml-5.2.3.jar:5.2.3]
	at org.apache.poi.openxml4j.opc.PackagePart.loadRelationships(PackagePart.java:565) ~[poi-ooxml-5.2.3.jar:5.2.3]
	at org.apache.poi.openxml4j.opc.OPCPackage.getParts(OPCPackage.java:751) ~[poi-ooxml-5.2.3.jar:5.2.3]
	at org.apache.poi.openxml4j.opc.OPCPackage.open(OPCPackage.java:322) ~[poi-ooxml-5.2.3.jar:5.2.3]
	at org.apache.poi.ooxml.util.PackageHelper.open(PackageHelper.java:59) ~[poi-ooxml-5.2.3.jar:5.2.3]
	at org.apache.poi.xssf.usermodel.XSSFWorkbook.<init>(XSSFWorkbook.java:290) ~[poi-ooxml-5.2.3.jar:5.2.3]
	at org.apache.poi.xssf.usermodel.XSSFWorkbook.<init>(XSSFWorkbook.java:286) ~[poi-ooxml-5.2.3.jar:5.2.3]
	at com.Utility.ExcelReader.getSheet(ExcelReader.java:23) ~[classes/:?]
	at com.Utility.ExcelReader.getdata(ExcelReader.java:29) ~[classes/:?]
	at com.test.GroupLoans.AllScenarios_GroupLoans_GroupLoanPayment_CASH.gettestdate(AllScenarios_GroupLoans_GroupLoanPayment_CASH.java:91) ~[test-classes/:?]
	at jdk.internal.reflect.NativeMethodAccessorImpl.invoke0(Native Method) ~[?:?]
	at jdk.internal.reflect.NativeMethodAccessorImpl.invoke(NativeMethodAccessorImpl.java:77) ~[?:?]
	at jdk.internal.reflect.DelegatingMethodAccessorImpl.invoke(DelegatingMethodAccessorImpl.java:43) ~[?:?]
	at java.lang.reflect.Method.invoke(Method.java:568) ~[?:?]
	at org.testng.internal.MethodInvocationHelper.invokeMethod(MethodInvocationHelper.java:133) ~[org.testng_7.4.0.r202105021533.jar:7.4.0]
	at org.testng.internal.MethodInvocationHelper.invokeMethod(MethodInvocationHelper.java:77) ~[org.testng_7.4.0.r202105021533.jar:7.4.0]
	at org.testng.internal.MethodInvocationHelper.invokeMethodNoCheckedException(MethodInvocationHelper.java:46) ~[org.testng_7.4.0.r202105021533.jar:7.4.0]
	at org.testng.internal.MethodInvocationHelper.invokeDataProvider(MethodInvocationHelper.java:146) ~[org.testng_7.4.0.r202105021533.jar:7.4.0]
	at org.testng.internal.Parameters.handleParameters(Parameters.java:798) ~[org.testng_7.4.0.r202105021533.jar:7.4.0]
	at org.testng.internal.Parameters.handleParameters(Parameters.java:740) ~[org.testng_7.4.0.r202105021533.jar:7.4.0]
	at org.testng.internal.ParameterHandler.handleParameters(ParameterHandler.java:59) ~[org.testng_7.4.0.r202105021533.jar:7.4.0]
	at org.testng.internal.ParameterHandler.createParameters(ParameterHandler.java:38) ~[org.testng_7.4.0.r202105021533.jar:7.4.0]
	at org.testng.internal.TestInvoker$MethodInvocationAgent.invoke(TestInvoker.java:791) ~[org.testng_7.4.0.r202105021533.jar:7.4.0]
	at org.testng.internal.TestInvoker.invokeTestMethods(TestInvoker.java:146) ~[org.testng_7.4.0.r202105021533.jar:7.4.0]
	at org.testng.internal.TestMethodWorker.invokeTestMethods(TestMethodWorker.java:146) ~[org.testng_7.4.0.r202105021533.jar:7.4.0]
	at org.testng.internal.TestMethodWorker.run(TestMethodWorker.java:128) ~[org.testng_7.4.0.r202105021533.jar:7.4.0]
	at java.util.ArrayList.forEach(ArrayList.java:1511) [?:?]
	at org.testng.TestRunner.privateRun(TestRunner.java:794) [org.testng_7.4.0.r202105021533.jar:7.4.0]
	at org.testng.TestRunner.run(TestRunner.java:596) [org.testng_7.4.0.r202105021533.jar:7.4.0]
	at org.testng.SuiteRunner.runTest(SuiteRunner.java:377) [org.testng_7.4.0.r202105021533.jar:7.4.0]
	at org.testng.SuiteRunner.runSequentially(SuiteRunner.java:371) [org.testng_7.4.0.r202105021533.jar:7.4.0]
	at org.testng.SuiteRunner.privateRun(SuiteRunner.java:332) [org.testng_7.4.0.r202105021533.jar:7.4.0]
	at org.testng.SuiteRunner.run(SuiteRunner.java:276) [org.testng_7.4.0.r202105021533.jar:7.4.0]
	at org.testng.SuiteRunnerWorker.runSuite(SuiteRunnerWorker.java:53) [org.testng_7.4.0.r202105021533.jar:7.4.0]
	at org.testng.SuiteRunnerWorker.run(SuiteRunnerWorker.java:96) [org.testng_7.4.0.r202105021533.jar:7.4.0]
	at org.testng.TestNG.runSuitesSequentially(TestNG.java:1212) [org.testng_7.4.0.r202105021533.jar:7.4.0]
	at org.testng.TestNG.runSuitesLocally(TestNG.java:1134) [org.testng_7.4.0.r202105021533.jar:7.4.0]
	at org.testng.TestNG.runSuites(TestNG.java:1063) [org.testng_7.4.0.r202105021533.jar:7.4.0]
	at org.testng.TestNG.run(TestNG.java:1031) [org.testng_7.4.0.r202105021533.jar:7.4.0]
	at org.testng.remote.AbstractRemoteTestNG.run(AbstractRemoteTestNG.java:115) [testng-remote.jar:?]
	at org.testng.remote.RemoteTestNG.initAndRun(RemoteTestNG.java:293) [testng-remote.jar:?]
	at org.testng.remote.RemoteTestNG.main(RemoteTestNG.java:91) [testng-remote.jar:?]
[ERROR] 2025-04-15 15:54:54.236 [main] PackageRelationshipCollection - Cannot convert mailto:!@#$%!!! in a valid relationship URI-> dummy-URI used
java.net.URISyntaxException: Malformed escape pair at index 11: mailto:!@#$%!!!
	at java.net.URI$Parser.fail(URI.java:2976) ~[?:?]
	at java.net.URI$Parser.scanEscape(URI.java:3104) ~[?:?]
	at java.net.URI$Parser.scan(URI.java:3127) ~[?:?]
	at java.net.URI$Parser.checkChars(URI.java:3145) ~[?:?]
	at java.net.URI$Parser.parse(URI.java:3191) ~[?:?]
	at java.net.URI.<init>(URI.java:623) ~[?:?]
	at org.apache.poi.openxml4j.opc.PackagingURIHelper.toURI(PackagingURIHelper.java:723) ~[poi-ooxml-5.2.3.jar:5.2.3]
	at org.apache.poi.openxml4j.opc.PackageRelationshipCollection.parseRelationshipsPart(PackageRelationshipCollection.java:358) ~[poi-ooxml-5.2.3.jar:5.2.3]
	at org.apache.poi.openxml4j.opc.PackageRelationshipCollection.<init>(PackageRelationshipCollection.java:160) ~[poi-ooxml-5.2.3.jar:5.2.3]
	at org.apache.poi.openxml4j.opc.PackageRelationshipCollection.<init>(PackageRelationshipCollection.java:130) ~[poi-ooxml-5.2.3.jar:5.2.3]
	at org.apache.poi.openxml4j.opc.PackagePart.loadRelationships(PackagePart.java:565) ~[poi-ooxml-5.2.3.jar:5.2.3]
	at org.apache.poi.openxml4j.opc.OPCPackage.getParts(OPCPackage.java:751) ~[poi-ooxml-5.2.3.jar:5.2.3]
	at org.apache.poi.openxml4j.opc.OPCPackage.open(OPCPackage.java:322) ~[poi-ooxml-5.2.3.jar:5.2.3]
	at org.apache.poi.ooxml.util.PackageHelper.open(PackageHelper.java:59) ~[poi-ooxml-5.2.3.jar:5.2.3]
	at org.apache.poi.xssf.usermodel.XSSFWorkbook.<init>(XSSFWorkbook.java:290) ~[poi-ooxml-5.2.3.jar:5.2.3]
	at org.apache.poi.xssf.usermodel.XSSFWorkbook.<init>(XSSFWorkbook.java:286) ~[poi-ooxml-5.2.3.jar:5.2.3]
	at com.Utility.ExcelReader.getSheet(ExcelReader.java:23) ~[classes/:?]
	at com.Utility.ExcelReader.getdata(ExcelReader.java:29) ~[classes/:?]
	at com.test.GroupLoans.AllScenarios_GroupLoans_GroupLoanPayment_CASH.gettestdate(AllScenarios_GroupLoans_GroupLoanPayment_CASH.java:91) ~[test-classes/:?]
	at jdk.internal.reflect.NativeMethodAccessorImpl.invoke0(Native Method) ~[?:?]
	at jdk.internal.reflect.NativeMethodAccessorImpl.invoke(NativeMethodAccessorImpl.java:77) ~[?:?]
	at jdk.internal.reflect.DelegatingMethodAccessorImpl.invoke(DelegatingMethodAccessorImpl.java:43) ~[?:?]
	at java.lang.reflect.Method.invoke(Method.java:568) ~[?:?]
	at org.testng.internal.MethodInvocationHelper.invokeMethod(MethodInvocationHelper.java:133) ~[org.testng_7.4.0.r202105021533.jar:7.4.0]
	at org.testng.internal.MethodInvocationHelper.invokeMethod(MethodInvocationHelper.java:77) ~[org.testng_7.4.0.r202105021533.jar:7.4.0]
	at org.testng.internal.MethodInvocationHelper.invokeMethodNoCheckedException(MethodInvocationHelper.java:46) ~[org.testng_7.4.0.r202105021533.jar:7.4.0]
	at org.testng.internal.MethodInvocationHelper.invokeDataProvider(MethodInvocationHelper.java:146) ~[org.testng_7.4.0.r202105021533.jar:7.4.0]
	at org.testng.internal.Parameters.handleParameters(Parameters.java:798) ~[org.testng_7.4.0.r202105021533.jar:7.4.0]
	at org.testng.internal.Parameters.handleParameters(Parameters.java:740) ~[org.testng_7.4.0.r202105021533.jar:7.4.0]
	at org.testng.internal.ParameterHandler.handleParameters(ParameterHandler.java:59) ~[org.testng_7.4.0.r202105021533.jar:7.4.0]
	at org.testng.internal.ParameterHandler.createParameters(ParameterHandler.java:38) ~[org.testng_7.4.0.r202105021533.jar:7.4.0]
	at org.testng.internal.TestInvoker$MethodInvocationAgent.invoke(TestInvoker.java:791) ~[org.testng_7.4.0.r202105021533.jar:7.4.0]
	at org.testng.internal.TestInvoker.invokeTestMethods(TestInvoker.java:146) ~[org.testng_7.4.0.r202105021533.jar:7.4.0]
	at org.testng.internal.TestMethodWorker.invokeTestMethods(TestMethodWorker.java:146) ~[org.testng_7.4.0.r202105021533.jar:7.4.0]
	at org.testng.internal.TestMethodWorker.run(TestMethodWorker.java:128) ~[org.testng_7.4.0.r202105021533.jar:7.4.0]
	at java.util.ArrayList.forEach(ArrayList.java:1511) [?:?]
	at org.testng.TestRunner.privateRun(TestRunner.java:794) [org.testng_7.4.0.r202105021533.jar:7.4.0]
	at org.testng.TestRunner.run(TestRunner.java:596) [org.testng_7.4.0.r202105021533.jar:7.4.0]
	at org.testng.SuiteRunner.runTest(SuiteRunner.java:377) [org.testng_7.4.0.r202105021533.jar:7.4.0]
	at org.testng.SuiteRunner.runSequentially(SuiteRunner.java:371) [org.testng_7.4.0.r202105021533.jar:7.4.0]
	at org.testng.SuiteRunner.privateRun(SuiteRunner.java:332) [org.testng_7.4.0.r202105021533.jar:7.4.0]
	at org.testng.SuiteRunner.run(SuiteRunner.java:276) [org.testng_7.4.0.r202105021533.jar:7.4.0]
	at org.testng.SuiteRunnerWorker.runSuite(SuiteRunnerWorker.java:53) [org.testng_7.4.0.r202105021533.jar:7.4.0]
	at org.testng.SuiteRunnerWorker.run(SuiteRunnerWorker.java:96) [org.testng_7.4.0.r202105021533.jar:7.4.0]
	at org.testng.TestNG.runSuitesSequentially(TestNG.java:1212) [org.testng_7.4.0.r202105021533.jar:7.4.0]
	at org.testng.TestNG.runSuitesLocally(TestNG.java:1134) [org.testng_7.4.0.r202105021533.jar:7.4.0]
	at org.testng.TestNG.runSuites(TestNG.java:1063) [org.testng_7.4.0.r202105021533.jar:7.4.0]
	at org.testng.TestNG.run(TestNG.java:1031) [org.testng_7.4.0.r202105021533.jar:7.4.0]
	at org.testng.remote.AbstractRemoteTestNG.run(AbstractRemoteTestNG.java:115) [testng-remote.jar:?]
	at org.testng.remote.RemoteTestNG.initAndRun(RemoteTestNG.java:293) [testng-remote.jar:?]
	at org.testng.remote.RemoteTestNG.main(RemoteTestNG.java:91) [testng-remote.jar:?]
[INFO ] 2025-04-15 15:54:55.056 [main] Log - GroupLoans_GroupLoanPayment_CASH
[INFO ] 2025-04-15 15:54:59.647 [main] Log - Driver has initialized successfully for firefoxbrowser
[INFO ] 2025-04-15 15:55:01.003 [main] Log - Title is displayed : BeaconPro - Login
[INFO ] 2025-04-15 15:55:03.776 [main] Log - PC Registration
[INFO ] 2025-04-15 15:55:04.840 [main] Log - Step:01 - Enter User Name in Name field.
[INFO ] 2025-04-15 15:55:07.310 [main] Log - Step:02 - Select a Branch Name from the Dropdown.
[INFO ] 2025-04-15 15:55:08.373 [main] Log - Step:03 - Enter PC Name in Name field.
[INFO ] 2025-04-15 15:55:12.693 [main] Log - Step:04 - Click on Submit Button.
[INFO ] 2025-04-15 15:55:13.744 [main] Log - Expected Result: PC Registered Successfully!
[INFO ] 2025-04-15 15:55:13.818 [main] Log - Valid Login
[INFO ] 2025-04-15 15:55:14.871 [main] Log - Step:01 - Enetered valid User Name
[INFO ] 2025-04-15 15:55:15.923 [main] Log - Step:02 - Enetered valid Password
[INFO ] 2025-04-15 15:55:21.383 [main] Log - Step:03 - Click on Login Button
[INFO ] 2025-04-15 15:55:22.442 [main] Log - Expected Result: User is logged in successfully and dashboard visible
[INFO ] 2025-04-15 15:55:22.497 [main] Log - Navigation of  group loan Payment page
[INFO ] 2025-04-15 15:55:31.744 [main] Log - "1. Navigate to Group Loans section.
2. Open Group Loan Payment page."
[INFO ] 2025-04-15 15:55:32.827 [main] Log - Expected Result: Retrieving data. Wait a few seconds and try to cut or copy again.
[INFO ] 2025-04-15 15:55:32.859 [main] Log - Centre Selection
[INFO ] 2025-04-15 15:55:35.238 [main] Log - "1. Open centre dropdown
2. Select any centre
[INFO ] 2025-04-15 15:55:35.441 [main] Log - Expected Result: Centre is selected from dropdown 
[INFO ] 2025-04-15 15:55:35.474 [main] Log - Group Selection
[INFO ] 2025-04-15 15:55:37.847 [main] Log - "1. Open group dropdown
2. Select a group
3. Verify selection"
[INFO ] 2025-04-15 15:55:38.003 [main] Log - Expected Result: Group is selected from dropdown
[INFO ] 2025-04-15 15:55:38.044 [main] Log - GO Button Functionality
[INFO ] 2025-04-15 15:55:42.343 [main] Log - 1. Click on the Go button.
[INFO ] 2025-04-15 15:55:43.446 [main] Log - Expected Result: Applications are listed in a grid
[INFO ] 2025-04-15 15:55:43.474 [main] Log - Loan Details Loading
[INFO ] 2025-04-15 15:55:47.815 [main] Log - 1. Click on Select button
[INFO ] 2025-04-15 15:55:49.985 [main] Log - Expected Result: Loan Details are loaded
[INFO ] 2025-04-15 15:55:50.019 [main] Log - Checkbox Selection
[INFO ] 2025-04-15 15:55:55.400 [main] Log - 1. Tick the checkbox is  near 'payment status'
[INFO ] 2025-04-15 15:55:59.344 [main] Log - Exception org.openqa.selenium.WebDriverException: Failed to decode response from marionette
Build info: version: '3.141.59', revision: 'e82be7d358', time: '2018-11-14T08:17:03'
System info: host: 'SPTVMLAP-2124', ip: '10.212.136.148', os.name: 'Windows 10', os.arch: 'amd64', os.version: '10.0', java.version: '17.0.9'
Driver info: org.openqa.selenium.firefox.FirefoxDriver
Capabilities {acceptInsecureCerts: true, browserName: firefox, browserVersion: 137.0.1, javascriptEnabled: true, moz:accessibilityChecks: false, moz:buildID: 20250407111027, moz:geckodriverVersion: 0.35.0, moz:headless: false, moz:platformVersion: 10.0, moz:processID: 20676, moz:profile: C:\Users\AKASH~1.VEN\AppDat..., moz:shutdownTimeout: 60000, moz:webdriverClick: true, moz:windowless: false, pageLoadStrategy: normal, platform: WINDOWS, platformName: WINDOWS, proxy: Proxy(), setWindowRect: true, strictFileInteractability: false, timeouts: {implicit: 0, pageLoad: 300000, script: 30000}, unhandledPromptBehavior: dismiss and notify, userAgent: Mozilla/5.0 (Windows NT 10....}
Session ID: b4b68790-7a78-4fb4-8bf1-2989a88463d7
*** Element info: {Using=xpath, value=//div[@id="progressdiv"]}
